# ca-GrQc 4158 13428 2
0 1
1 0
2 0
3 0
4 0
5 1
6 1
7 0
8 1
9 1
10 0
11 1
12 0
13 0
14 0
15 1
16 1
17 0
18 0
19 0
20 0
21 0
22 1
23 0
24 1
25 0
26 0
27 0
28 0
29 0
30 0
31 1
32 0
33 0
34 0
35 0
36 0
37 0
38 0
39 0
40 0
41 0
42 0
43 0
44 1
45 1
46 1
47 0
48 1
49 1
50 0
51 1
52 0
53 0
54 0
55 1
56 0
57 0
58 1
59 0
60 1
61 1
62 1
63 0
64 1
65 0
66 1
67 0
68 1
69 0
70 0
71 0
72 1
73 1
74 0
75 0
76 0
77 1
78 1
79 0
80 0
81 0
82 0
83 0
84 0
85 1
86 0
87 0
88 0
89 0
90 0
91 0
92 0
93 0
94 0
95 0
96 0
97 1
98 0
99 0
100 1
101 1
102 1
103 0
104 1
105 0
106 1
107 0
108 1
109 0
110 0
111 0
112 0
113 0
114 0
115 1
116 0
117 0
118 0
119 0
120 1
121 0
122 0
123 0
124 1
125 0
126 0
127 1
128 0
129 0
130 0
131 1
132 0
133 0
134 0
135 0
136 0
137 0
138 0
139 0
140 0
141 0
142 0
143 0
144 0
145 0
146 0
147 0
148 0
149 0
150 0
151 1
152 0
153 0
154 0
155 0
156 0
157 1
158 1
159 1
160 1
161 1
162 0
163 0
164 0
165 0
166 0
167 0
168 1
169 0
170 0
171 0
172 1
173 1
174 1
175 0
176 0
177 0
178 0
179 0
180 0
181 0
182 0
183 0
184 0
185 0
186 0
187 0
188 1
189 1
190 1
191 0
192 1
193 1
194 1
195 0
196 0
197 0
198 1
199 0
200 0
201 0
202 1
203 1
204 1
205 1
206 1
207 0
208 0
209 1
210 1
211 0
212 0
213 1
214 1
215 0
216 1
217 1
218 0
219 0
220 0
221 0
222 0
223 0
224 0
225 1
226 0
227 0
228 0
229 0
230 0
231 0
232 0
233 1
234 0
235 0
236 1
237 1
238 0
239 0
240 0
241 1
242 1
243 1
244 0
245 0
246 0
247 1
248 1
249 0
250 1
251 1
252 0
253 0
254 1
255 1
256 0
257 0
258 0
259 0
260 0
261 1
262 0
263 1
264 0
265 0
266 0
267 0
268 0
269 1
270 0
271 1
272 1
273 1
274 0
275 1
276 1
277 1
278 0
279 0
280 1
281 0
282 0
283 0
284 1
285 1
286 1
287 0
288 0
289 1
290 0
291 0
292 1
293 1
294 1
295 0
296 0
297 0
298 0
299 0
300 0
301 0
302 0
303 1
304 0
305 1
306 0
307 1
308 0
309 0
310 0
311 0
312 1
313 0
314 0
315 0
316 0
317 0
318 0
319 0
320 1
321 1
322 0
323 0
324 0
325 1
326 1
327 0
328 0
329 0
330 1
331 1
332 0
333 0
334 0
335 1
336 0
337 1
338 0
339 0
340 0
341 0
342 0
343 0
344 0
345 0
346 1
347 0
348 1
349 1
350 0
351 1
352 1
353 0
354 0
355 0
356 0
357 0
358 1
359 0
360 1
361 1
362 1
363 0
364 1
365 0
366 0
367 0
368 0
369 1
370 1
371 0
372 1
373 1
374 1
375 1
376 0
377 0
378 0
379 0
380 0
381 0
382 0
383 1
384 0
385 1
386 1
387 1
388 1
389 1
390 1
391 0
392 0
393 0
394 0
395 0
396 0
397 0
398 1
399 0
400 0
401 0
402 1
403 0
404 1
405 0
406 1
407 1
408 1
409 1
410 0
411 1
412 0
413 0
414 0
415 1
416 1
417 1
418 0
419 0
420 1
421 0
422 0
423 0
424 0
425 0
426 1
427 0
428 0
429 0
430 0
431 0
432 1
433 1
434 1
435 1
436 0
437 1
438 0
439 1
440 0
441 0
442 0
443 0
444 1
445 0
446 0
447 0
448 1
449 0
450 0
451 1
452 0
453 0
454 0
455 1
456 0
457 1
458 1
459 0
460 1
461 1
462 0
463 1
464 1
465 1
466 0
467 0
468 0
469 0
470 1
471 1
472 1
473 0
474 0
475 1
476 1
477 0
478 1
479 1
480 0
481 1
482 0
483 0
484 0
485 0
486 0
487 0
488 0
489 1
490 1
491 0
492 0
493 1
494 1
495 0
496 1
497 1
498 0
499 0
500 0
501 1
502 1
503 1
504 0
505 0
506 1
507 0
508 0
509 1
510 0
511 1
512 0
513 0
514 0
515 0
516 1
517 0
518 0
519 0
520 0
521 1
522 0
523 0
524 0
525 1
526 0
527 0
528 0
529 0
530 0
531 1
532 0
533 1
534 0
535 0
536 0
537 0
538 1
539 0
540 0
541 1
542 0
543 1
544 1
545 0
546 0
547 0
548 1
549 0
550 1
551 1
552 0
553 1
554 0
555 0
556 1
557 0
558 1
559 1
560 0
561 1
562 0
563 0
564 1
565 0
566 0
567 0
568 1
569 0
570 0
571 1
572 1
573 1
574 0
575 0
576 0
577 0
578 0
579 0
580 0
581 0
582 1
583 0
584 1
585 0
586 1
587 1
588 0
589 0
590 1
591 0
592 1
593 1
594 0
595 0
596 1
597 1
598 0
599 1
600 0
601 1
602 1
603 1
604 0
605 0
606 1
607 0
608 0
609 1
610 0
611 1
612 1
613 0
614 1
615 0
616 1
617 0
618 0
619 1
620 1
621 1
622 0
623 0
624 1
625 0
626 0
627 0
628 1
629 1
630 1
631 1
632 0
633 1
634 0
635 0
636 0
637 0
638 0
639 0
640 0
641 0
642 0
643 0
644 0
645 1
646 0
647 0
648 0
649 0
650 0
651 0
652 1
653 1
654 0
655 1
656 0
657 0
658 0
659 1
660 1
661 1
662 0
663 0
664 0
665 0
666 1
667 0
668 0
669 1
670 0
671 1
672 0
673 0
674 1
675 1
676 1
677 0
678 1
679 0
680 0
681 1
682 1
683 0
684 0
685 1
686 1
687 0
688 1
689 0
690 0
691 0
692 0
693 0
694 0
695 0
696 0
697 1
698 0
699 0
700 0
701 0
702 0
703 1
704 1
705 0
706 1
707 1
708 0
709 1
710 1
711 0
712 1
713 0
714 0
715 0
716 1
717 1
718 0
719 0
720 0
721 1
722 0
723 1
724 0
725 1
726 1
727 1
728 0
729 0
730 0
731 0
732 0
733 1
734 0
735 0
736 1
737 0
738 1
739 1
740 0
741 0
742 0
743 0
744 0
745 0
746 1
747 1
748 1
749 1
750 0
751 0
752 0
753 0
754 0
755 0
756 0
757 1
758 0
759 0
760 0
761 0
762 0
763 1
764 0
765 1
766 0
767 1
768 0
769 0
770 1
771 0
772 0
773 1
774 1
775 1
776 0
777 0
778 0
779 0
780 1
781 0
782 1
783 0
784 1
785 1
786 1
787 0
788 0
789 1
790 0
791 1
792 0
793 1
794 1
795 0
796 0
797 0
798 0
799 0
800 0
801 0
802 0
803 0
804 1
805 1
806 0
807 0
808 0
809 0
810 0
811 1
812 0
813 0
814 0
815 1
816 0
817 0
818 0
819 1
820 0
821 0
822 0
823 0
824 1
825 1
826 1
827 0
828 1
829 0
830 1
831 1
832 1
833 1
834 1
835 1
836 0
837 0
838 0
839 0
840 1
841 1
842 1
843 0
844 0
845 0
846 0
847 0
848 1
849 1
850 0
851 0
852 0
853 1
854 1
855 1
856 1
857 0
858 1
859 1
860 1
861 0
862 1
863 0
864 1
865 0
866 0
867 0
868 0
869 0
870 0
871 1
872 1
873 0
874 1
875 0
876 0
877 0
878 0
879 0
880 1
881 1
882 0
883 0
884 1
885 0
886 1
887 1
888 0
889 0
890 1
891 0
892 0
893 1
894 1
895 0
896 0
897 0
898 0
899 0
900 1
901 1
902 0
903 1
904 0
905 0
906 0
907 1
908 1
909 0
910 0
911 0
912 0
913 0
914 0
915 0
916 0
917 0
918 1
919 0
920 1
921 1
922 0
923 0
924 0
925 0
926 0
927 1
928 1
929 0
930 0
931 0
932 0
933 1
934 1
935 0
936 1
937 0
938 0
939 0
940 0
941 0
942 0
943 0
944 0
945 0
946 0
947 1
948 1
949 0
950 1
951 1
952 1
953 1
954 0
955 1
956 0
957 0
958 0
959 0
960 0
961 0
962 1
963 0
964 0
965 1
966 1
967 0
968 1
969 1
970 0
971 0
972 0
973 0
974 0
975 1
976 0
977 1
978 0
979 1
980 0
981 1
982 0
983 1
984 1
985 0
986 1
987 0
988 0
989 0
990 0
991 0
992 0
993 0
994 1
995 1
996 0
997 1
998 0
999 1
1000 1
1001 0
1002 0
1003 0
1004 0
1005 1
1006 1
1007 1
1008 0
1009 0
1010 0
1011 0
1012 1
1013 1
1014 0
1015 0
1016 0
1017 1
1018 0
1019 0
1020 0
1021 1
1022 0
1023 1
1024 1
1025 1
1026 1
1027 0
1028 0
1029 1
1030 1
1031 0
1032 0
1033 1
1034 0
1035 1
1036 1
1037 0
1038 0
1039 0
1040 0
1041 0
1042 0
1043 0
1044 1
1045 0
1046 0
1047 0
1048 1
1049 0
1050 0
1051 0
1052 0
1053 1
1054 0
1055 0
1056 0
1057 0
1058 1
1059 0
1060 0
1061 0
1062 0
1063 1
1064 0
1065 0
1066 0
1067 1
1068 1
1069 0
1070 0
1071 0
1072 0
1073 1
1074 0
1075 0
1076 1
1077 0
1078 1
1079 0
1080 0
1081 1
1082 1
1083 0
1084 0
1085 1
1086 0
1087 0
1088 1
1089 0
1090 0
1091 1
1092 1
1093 1
1094 0
1095 0
1096 0
1097 1
1098 0
1099 0
1100 0
1101 0
1102 0
1103 0
1104 0
1105 1
1106 1
1107 0
1108 0
1109 0
1110 1
1111 0
1112 1
1113 1
1114 0
1115 0
1116 1
1117 0
1118 1
1119 0
1120 0
1121 1
1122 0
1123 0
1124 1
1125 1
1126 0
1127 1
1128 0
1129 1
1130 1
1131 1
1132 1
1133 0
1134 0
1135 1
1136 0
1137 0
1138 1
1139 1
1140 0
1141 1
1142 0
1143 0
1144 0
1145 0
1146 1
1147 1
1148 0
1149 0
1150 0
1151 1
1152 0
1153 0
1154 0
1155 0
1156 1
1157 1
1158 0
1159 0
1160 1
1161 0
1162 0
1163 0
1164 0
1165 1
1166 0
1167 0
1168 0
1169 0
1170 0
1171 1
1172 0
1173 1
1174 0
1175 1
1176 1
1177 0
1178 1
1179 1
1180 1
1181 0
1182 0
1183 1
1184 0
1185 0
1186 0
1187 1
1188 1
1189 0
1190 0
1191 1
1192 0
1193 1
1194 0
1195 1
1196 0
1197 0
1198 0
1199 0
1200 1
1201 0
1202 0
1203 1
1204 0
1205 0
1206 1
1207 0
1208 0
1209 0
1210 0
1211 0
1212 0
1213 1
1214 0
1215 1
1216 1
1217 0
1218 1
1219 1
1220 0
1221 1
1222 1
1223 1
1224 0
1225 1
1226 0
1227 1
1228 0
1229 0
1230 1
1231 1
1232 1
1233 1
1234 1
1235 0
1236 0
1237 0
1238 0
1239 1
1240 0
1241 0
1242 0
1243 0
1244 0
1245 1
1246 0
1247 0
1248 0
1249 0
1250 0
1251 0
1252 1
1253 0
1254 1
1255 1
1256 1
1257 1
1258 0
1259 1
1260 0
1261 1
1262 1
1263 0
1264 0
1265 1
1266 0
1267 1
1268 1
1269 0
1270 0
1271 0
1272 1
1273 1
1274 1
1275 0
1276 0
1277 0
1278 0
1279 1
1280 0
1281 0
1282 1
1283 1
1284 0
1285 0
1286 0
1287 0
1288 1
1289 1
1290 0
1291 1
1292 0
1293 0
1294 0
1295 0
1296 0
1297 0
1298 1
1299 0
1300 1
1301 1
1302 0
1303 0
1304 1
1305 0
1306 1
1307 1
1308 0
1309 0
1310 0
1311 0
1312 0
1313 0
1314 0
1315 0
1316 0
1317 1
1318 1
1319 0
1320 1
1321 0
1322 0
1323 1
1324 0
1325 1
1326 0
1327 1
1328 0
1329 1
1330 0
1331 1
1332 0
1333 0
1334 1
1335 1
1336 0
1337 0
1338 0
1339 0
1340 1
1341 1
1342 1
1343 1
1344 0
1345 0
1346 0
1347 1
1348 0
1349 0
1350 1
1351 0
1352 0
1353 1
1354 1
1355 0
1356 0
1357 0
1358 0
1359 0
1360 1
1361 1
1362 0
1363 1
1364 0
1365 0
1366 0
1367 1
1368 0
1369 0
1370 0
1371 0
1372 1
1373 1
1374 0
1375 0
1376 0
1377 0
1378 0
1379 0
1380 1
1381 0
1382 1
1383 0
1384 0
1385 0
1386 1
1387 1
1388 0
1389 1
1390 0
1391 0
1392 1
1393 1
1394 1
1395 0
1396 0
1397 0
1398 0
1399 0
1400 1
1401 0
1402 0
1403 0
1404 0
1405 1
1406 1
1407 0
1408 1
1409 0
1410 0
1411 1
1412 0
1413 1
1414 0
1415 1
1416 0
1417 1
1418 0
1419 0
1420 0
1421 0
1422 0
1423 0
1424 0
1425 0
1426 0
1427 1
1428 0
1429 1
1430 0
1431 0
1432 0
1433 0
1434 0
1435 1
1436 1
1437 0
1438 0
1439 0
1440 1
1441 1
1442 0
1443 1
1444 0
1445 0
1446 0
1447 0
1448 0
1449 0
1450 0
1451 1
1452 0
1453 1
1454 1
1455 0
1456 0
1457 1
1458 0
1459 0
1460 0
1461 1
1462 0
1463 0
1464 0
1465 0
1466 1
1467 1
1468 0
1469 1
1470 0
1471 0
1472 1
1473 0
1474 1
1475 1
1476 0
1477 0
1478 1
1479 0
1480 0
1481 0
1482 0
1483 0
1484 0
1485 1
1486 0
1487 0
1488 1
1489 1
1490 1
1491 1
1492 0
1493 0
1494 0
1495 0
1496 1
1497 0
1498 0
1499 0
1500 0
1501 0
1502 0
1503 1
1504 1
1505 0
1506 0
1507 0
1508 1
1509 1
1510 0
1511 0
1512 0
1513 0
1514 0
1515 0
1516 0
1517 1
1518 0
1519 0
1520 1
1521 0
1522 0
1523 1
1524 0
1525 0
1526 0
1527 0
1528 1
1529 0
1530 0
1531 0
1532 0
1533 1
1534 1
1535 1
1536 0
1537 0
1538 1
1539 0
1540 1
1541 0
1542 0
1543 1
1544 0
1545 1
1546 1
1547 1
1548 1
1549 0
1550 1
1551 0
1552 0
1553 0
1554 1
1555 1
1556 0
1557 0
1558 1
1559 1
1560 0
1561 1
1562 0
1563 0
1564 0
1565 1
1566 1
1567 0
1568 0
1569 0
1570 0
1571 0
1572 1
1573 0
1574 0
1575 1
1576 0
1577 0
1578 1
1579 0
1580 1
1581 0
1582 0
1583 1
1584 0
1585 0
1586 0
1587 0
1588 1
1589 1
1590 0
1591 1
1592 0
1593 0
1594 0
1595 0
1596 0
1597 0
1598 1
1599 1
1600 0
1601 1
1602 0
1603 0
1604 0
1605 0
1606 0
1607 0
1608 1
1609 0
1610 1
1611 0
1612 0
1613 0
1614 0
1615 0
1616 0
1617 0
1618 0
1619 1
1620 1
1621 0
1622 1
1623 1
1624 0
1625 0
1626 0
1627 1
1628 0
1629 0
1630 1
1631 1
1632 1
1633 1
1634 0
1635 1
1636 1
1637 1
1638 0
1639 0
1640 0
1641 1
1642 0
1643 0
1644 0
1645 0
1646 1
1647 0
1648 0
1649 1
1650 0
1651 0
1652 1
1653 1
1654 1
1655 0
1656 1
1657 0
1658 1
1659 0
1660 1
1661 1
1662 1
1663 0
1664 0
1665 0
1666 0
1667 1
1668 0
1669 1
1670 0
1671 1
1672 0
1673 0
1674 1
1675 1
1676 0
1677 0
1678 1
1679 0
1680 0
1681 0
1682 0
1683 0
1684 1
1685 1
1686 1
1687 0
1688 0
1689 0
1690 0
1691 0
1692 1
1693 1
1694 1
1695 0
1696 0
1697 1
1698 0
1699 0
1700 0
1701 0
1702 0
1703 1
1704 0
1705 0
1706 0
1707 0
1708 0
1709 0
1710 0
1711 1
1712 1
1713 1
1714 0
1715 0
1716 0
1717 0
1718 0
1719 1
1720 0
1721 0
1722 1
1723 0
1724 0
1725 0
1726 0
1727 0
1728 0
1729 1
1730 0
1731 0
1732 0
1733 0
1734 0
1735 1
1736 0
1737 1
1738 0
1739 0
1740 0
1741 0
1742 0
1743 0
1744 1
1745 0
1746 1
1747 0
1748 0
1749 0
1750 0
1751 0
1752 1
1753 0
1754 1
1755 0
1756 0
1757 0
1758 0
1759 1
1760 1
1761 0
1762 1
1763 1
1764 0
1765 0
1766 0
1767 1
1768 0
1769 1
1770 0
1771 0
1772 0
1773 0
1774 0
1775 1
1776 0
1777 0
1778 1
1779 0
1780 0
1781 1
1782 0
1783 0
1784 0
1785 0
1786 0
1787 0
1788 0
1789 0
1790 1
1791 0
1792 0
1793 0
1794 1
1795 1
1796 1
1797 1
1798 0
1799 0
1800 0
1801 0
1802 1
1803 1
1804 0
1805 1
1806 0
1807 0
1808 1
1809 1
1810 0
1811 0
1812 1
1813 1
1814 0
1815 0
1816 1
1817 0
1818 1
1819 1
1820 0
1821 0
1822 0
1823 0
1824 1
1825 0
1826 0
1827 1
1828 1
1829 0
1830 0
1831 0
1832 0
1833 0
1834 0
1835 0
1836 0
1837 0
1838 0
1839 0
1840 0
1841 1
1842 1
1843 0
1844 0
1845 0
1846 0
1847 0
1848 1
1849 1
1850 1
1851 0
1852 0
1853 0
1854 0
1855 1
1856 1
1857 0
1858 0
1859 0
1860 0
1861 0
1862 0
1863 0
1864 0
1865 0
1866 0
1867 0
1868 0
1869 0
1870 0
1871 0
1872 1
1873 0
1874 0
1875 0
1876 0
1877 0
1878 0
1879 1
1880 0
1881 1
1882 0
1883 0
1884 0
1885 0
1886 0
1887 1
1888 0
1889 0
1890 1
1891 0
1892 0
1893 1
1894 0
1895 0
1896 1
1897 0
1898 0
1899 1
1900 1
1901 0
1902 0
1903 0
1904 0
1905 0
1906 0
1907 0
1908 0
1909 0
1910 0
1911 1
1912 0
1913 0
1914 1
1915 1
1916 0
1917 1
1918 1
1919 1
1920 0
1921 0
1922 0
1923 1
1924 1
1925 0
1926 0
1927 1
1928 0
1929 0
1930 1
1931 1
1932 1
1933 1
1934 1
1935 1
1936 0
1937 0
1938 1
1939 0
1940 0
1941 0
1942 1
1943 0
1944 1
1945 0
1946 0
1947 0
1948 0
1949 0
1950 1
1951 1
1952 1
1953 0
1954 0
1955 0
1956 1
1957 0
1958 1
1959 1
1960 1
1961 1
1962 1
1963 1
1964 0
1965 0
1966 0
1967 1
1968 0
1969 0
1970 0
1971 0
1972 1
1973 0
1974 0
1975 1
1976 0
1977 0
1978 0
1979 0
1980 0
1981 0
1982 1
1983 0
1984 0
1985 0
1986 0
1987 0
1988 0
1989 0
1990 0
1991 0
1992 0
1993 0
1994 1
1995 0
1996 0
1997 0
1998 1
1999 1
2000 0
2001 1
2002 0
2003 0
2004 1
2005 0
2006 0
2007 1
2008 1
2009 0
2010 1
2011 0
2012 0
2013 1
2014 1
2015 0
2016 1
2017 0
2018 0
2019 0
2020 0
2021 0
2022 0
2023 1
2024 0
2025 0
2026 0
2027 0
2028 0
2029 0
2030 0
2031 1
2032 0
2033 1
2034 1
2035 0
2036 0
2037 0
2038 0
2039 0
2040 1
2041 1
2042 1
2043 1
2044 0
2045 1
2046 1
2047 0
2048 0
2049 0
2050 0
2051 1
2052 1
2053 0
2054 1
2055 1
2056 0
2057 0
2058 0
2059 1
2060 1
2061 0
2062 0
2063 1
2064 1
2065 1
2066 0
2067 0
2068 0
2069 0
2070 1
2071 1
2072 0
2073 1
2074 0
2075 0
2076 1
2077 0
2078 0
2079 0
2080 0
2081 0
2082 0
2083 1
2084 0
2085 0
2086 0
2087 0
2088 1
2089 0
2090 0
2091 1
2092 1
2093 1
2094 0
2095 0
2096 1
2097 0
2098 1
2099 0
2100 1
2101 1
2102 0
2103 0
2104 0
2105 0
2106 0
2107 0
2108 1
2109 0
2110 1
2111 0
2112 1
2113 0
2114 0
2115 1
2116 1
2117 0
2118 0
2119 1
2120 0
2121 0
2122 0
2123 0
2124 1
2125 1
2126 0
2127 0
2128 0
2129 1
2130 1
2131 0
2132 1
2133 1
2134 1
2135 1
2136 0
2137 0
2138 0
2139 0
2140 0
2141 1
2142 1
2143 1
2144 0
2145 1
2146 1
2147 0
2148 0
2149 1
2150 1
2151 1
2152 1
2153 0
2154 0
2155 1
2156 0
2157 0
2158 0
2159 0
2160 0
2161 0
2162 0
2163 0
2164 1
2165 0
2166 1
2167 1
2168 0
2169 0
2170 0
2171 0
2172 1
2173 0
2174 0
2175 1
2176 0
2177 1
2178 1
2179 0
2180 0
2181 1
2182 0
2183 0
2184 0
2185 0
2186 0
2187 0
2188 1
2189 1
2190 1
2191 0
2192 0
2193 0
2194 0
2195 0
2196 1
2197 0
2198 1
2199 0
2200 0
2201 1
2202 0
2203 1
2204 0
2205 1
2206 0
2207 0
2208 0
2209 1
2210 1
2211 0
2212 1
2213 0
2214 0
2215 0
2216 0
2217 0
2218 0
2219 1
2220 1
2221 0
2222 0
2223 0
2224 1
2225 1
2226 0
2227 0
2228 1
2229 1
2230 0
2231 0
2232 1
2233 0
2234 0
2235 0
2236 0
2237 1
2238 0
2239 0
2240 1
2241 1
2242 0
2243 1
2244 0
2245 0
2246 1
2247 1
2248 0
2249 0
2250 0
2251 0
2252 0
2253 1
2254 0
2255 0
2256 1
2257 0
2258 0
2259 0
2260 0
2261 1
2262 1
2263 1
2264 0
2265 0
2266 0
2267 1
2268 0
2269 0
2270 0
2271 0
2272 0
2273 0
2274 0
2275 1
2276 0
2277 0
2278 0
2279 0
2280 1
2281 0
2282 0
2283 1
2284 0
2285 0
2286 1
2287 1
2288 0
2289 1
2290 0
2291 0
2292 0
2293 1
2294 1
2295 0
2296 0
2297 1
2298 0
2299 1
2300 1
2301 1
2302 0
2303 1
2304 1
2305 0
2306 0
2307 0
2308 1
2309 0
2310 1
2311 0
2312 1
2313 0
2314 1
2315 0
2316 1
2317 0
2318 0
2319 0
2320 0
2321 1
2322 0
2323 0
2324 0
2325 0
2326 1
2327 0
2328 0
2329 0
2330 0
2331 0
2332 0
2333 0
2334 0
2335 1
2336 0
2337 0
2338 1
2339 0
2340 0
2341 1
2342 0
2343 1
2344 0
2345 0
2346 1
2347 0
2348 1
2349 0
2350 0
2351 1
2352 0
2353 0
2354 0
2355 0
2356 1
2357 1
2358 0
2359 0
2360 0
2361 0
2362 0
2363 0
2364 0
2365 0
2366 1
2367 1
2368 0
2369 1
2370 0
2371 1
2372 1
2373 0
2374 0
2375 0
2376 0
2377 1
2378 0
2379 0
2380 0
2381 1
2382 0
2383 0
2384 0
2385 0
2386 0
2387 0
2388 0
2389 0
2390 0
2391 0
2392 1
2393 1
2394 0
2395 0
2396 0
2397 1
2398 0
2399 0
2400 0
2401 1
2402 0
2403 1
2404 1
2405 0
2406 0
2407 1
2408 0
2409 0
2410 1
2411 0
2412 0
2413 1
2414 0
2415 0
2416 0
2417 0
2418 0
2419 0
2420 0
2421 0
2422 1
2423 0
2424 0
2425 1
2426 0
2427 0
2428 1
2429 0
2430 0
2431 1
2432 0
2433 0
2434 0
2435 0
2436 0
2437 1
2438 0
2439 1
2440 1
2441 1
2442 1
2443 0
2444 0
2445 0
2446 0
2447 1
2448 1
2449 0
2450 0
2451 0
2452 1
2453 0
2454 1
2455 0
2456 1
2457 1
2458 0
2459 0
2460 1
2461 0
2462 1
2463 0
2464 0
2465 0
2466 0
2467 0
2468 0
2469 1
2470 1
2471 1
2472 0
2473 1
2474 0
2475 1
2476 0
2477 0
2478 0
2479 0
2480 0
2481 1
2482 0
2483 0
2484 0
2485 0
2486 0
2487 0
2488 1
2489 0
2490 0
2491 0
2492 0
2493 0
2494 0
2495 1
2496 0
2497 1
2498 1
2499 1
2500 0
2501 1
2502 0
2503 0
2504 0
2505 0
2506 0
2507 1
2508 1
2509 1
2510 1
2511 0
2512 1
2513 0
2514 0
2515 0
2516 0
2517 0
2518 0
2519 1
2520 0
2521 1
2522 0
2523 0
2524 1
2525 0
2526 0
2527 1
2528 1
2529 0
2530 1
2531 0
2532 1
2533 0
2534 0
2535 1
2536 1
2537 1
2538 1
2539 0
2540 1
2541 0
2542 1
2543 0
2544 0
2545 0
2546 0
2547 1
2548 0
2549 0
2550 0
2551 0
2552 0
2553 1
2554 0
2555 1
2556 0
2557 0
2558 0
2559 0
2560 0
2561 1
2562 0
2563 1
2564 1
2565 0
2566 0
2567 0
2568 0
2569 0
2570 0
2571 1
2572 0
2573 0
2574 1
2575 0
2576 0
2577 0
2578 0
2579 0
2580 0
2581 0
2582 0
2583 1
2584 0
2585 1
2586 0
2587 0
2588 1
2589 1
2590 1
2591 0
2592 0
2593 1
2594 1
2595 1
2596 0
2597 0
2598 0
2599 0
2600 1
2601 1
2602 0
2603 1
2604 0
2605 0
2606 1
2607 0
2608 0
2609 1
2610 1
2611 1
2612 0
2613 1
2614 0
2615 0
2616 0
2617 0
2618 0
2619 1
2620 1
2621 0
2622 0
2623 1
2624 0
2625 0
2626 1
2627 0
2628 1
2629 1
2630 0
2631 0
2632 0
2633 0
2634 0
2635 1
2636 0
2637 0
2638 1
2639 1
2640 0
2641 1
2642 0
2643 0
2644 0
2645 0
2646 0
2647 0
2648 0
2649 0
2650 1
2651 0
2652 1
2653 0
2654 0
2655 0
2656 0
2657 1
2658 1
2659 1
2660 1
2661 1
2662 1
2663 0
2664 1
2665 0
2666 1
2667 0
2668 0
2669 0
2670 0
2671 0
2672 1
2673 1
2674 0
2675 0
2676 1
2677 0
2678 0
2679 0
2680 1
2681 1
2682 0
2683 0
2684 0
2685 0
2686 0
2687 1
2688 0
2689 0
2690 0
2691 1
2692 0
2693 0
2694 1
2695 0
2696 0
2697 0
2698 0
2699 1
2700 0
2701 0
2702 1
2703 1
2704 1
2705 1
2706 1
2707 1
2708 1
2709 0
2710 0
2711 0
2712 0
2713 0
2714 0
2715 0
2716 0
2717 0
2718 1
2719 0
2720 0
2721 0
2722 1
2723 0
2724 0
2725 1
2726 0
2727 0
2728 0
2729 1
2730 1
2731 0
2732 0
2733 0
2734 0
2735 1
2736 1
2737 0
2738 0
2739 0
2740 0
2741 1
2742 0
2743 0
2744 1
2745 0
2746 0
2747 1
2748 0
2749 0
2750 0
2751 0
2752 1
2753 0
2754 1
2755 0
2756 1
2757 1
2758 0
2759 0
2760 0
2761 0
2762 0
2763 1
2764 0
2765 1
2766 1
2767 0
2768 0
2769 1
2770 0
2771 0
2772 1
2773 0
2774 1
2775 1
2776 1
2777 0
2778 1
2779 0
2780 0
2781 1
2782 0
2783 0
2784 0
2785 1
2786 0
2787 0
2788 1
2789 0
2790 0
2791 0
2792 0
2793 0
2794 1
2795 1
2796 1
2797 1
2798 0
2799 0
2800 0
2801 1
2802 0
2803 0
2804 1
2805 1
2806 0
2807 1
2808 0
2809 1
2810 0
2811 1
2812 0
2813 0
2814 0
2815 0
2816 0
2817 0
2818 1
2819 1
2820 1
2821 0
2822 1
2823 1
2824 0
2825 0
2826 0
2827 1
2828 0
2829 1
2830 0
2831 0
2832 0
2833 1
2834 1
2835 1
2836 1
2837 0
2838 1
2839 0
2840 0
2841 0
2842 0
2843 0
2844 1
2845 1
2846 0
2847 0
2848 1
2849 1
2850 0
2851 1
2852 0
2853 0
2854 0
2855 1
2856 1
2857 1
2858 1
2859 0
2860 0
2861 1
2862 1
2863 0
2864 0
2865 1
2866 0
2867 0
2868 0
2869 0
2870 0
2871 0
2872 0
2873 0
2874 1
2875 0
2876 1
2877 1
2878 0
2879 0
2880 1
2881 1
2882 0
2883 0
2884 1
2885 0
2886 1
2887 0
2888 0
2889 1
2890 0
2891 0
2892 1
2893 0
2894 1
2895 1
2896 0
2897 1
2898 0
2899 0
2900 0
2901 0
2902 0
2903 1
2904 1
2905 0
2906 0
2907 0
2908 0
2909 0
2910 1
2911 0
2912 0
2913 0
2914 0
2915 1
2916 1
2917 0
2918 0
2919 1
2920 1
2921 0
2922 0
2923 0
2924 0
2925 0
2926 0
2927 0
2928 0
2929 0
2930 1
2931 0
2932 0
2933 1
2934 0
2935 1
2936 1
2937 0
2938 1
2939 0
2940 0
2941 0
2942 0
2943 0
2944 0
2945 0
2946 0
2947 0
2948 1
2949 1
2950 0
2951 0
2952 1
2953 0
2954 0
2955 0
2956 0
2957 1
2958 0
2959 1
2960 0
2961 0
2962 1
2963 0
2964 0
2965 0
2966 0
2967 0
2968 0
2969 0
2970 0
2971 0
2972 0
2973 0
2974 0
2975 0
2976 1
2977 0
2978 0
2979 1
2980 1
2981 0
2982 1
2983 0
2984 0
2985 0
2986 1
2987 0
2988 0
2989 0
2990 1
2991 0
2992 1
2993 0
2994 1
2995 1
2996 0
2997 0
2998 1
2999 1
3000 1
3001 0
3002 0
3003 1
3004 0
3005 0
3006 0
3007 0
3008 0
3009 0
3010 1
3011 0
3012 1
3013 0
3014 0
3015 0
3016 0
3017 1
3018 0
3019 1
3020 1
3021 0
3022 1
3023 0
3024 0
3025 0
3026 1
3027 0
3028 1
3029 0
3030 0
3031 0
3032 1
3033 0
3034 1
3035 0
3036 1
3037 1
3038 0
3039 0
3040 0
3041 0
3042 1
3043 0
3044 0
3045 0
3046 0
3047 1
3048 0
3049 1
3050 0
3051 0
3052 0
3053 1
3054 1
3055 0
3056 0
3057 0
3058 0
3059 1
3060 0
3061 0
3062 0
3063 0
3064 1
3065 1
3066 0
3067 0
3068 1
3069 0
3070 0
3071 1
3072 0
3073 0
3074 0
3075 0
3076 0
3077 1
3078 1
3079 0
3080 1
3081 1
3082 0
3083 1
3084 0
3085 0
3086 1
3087 1
3088 0
3089 1
3090 0
3091 0
3092 0
3093 0
3094 0
3095 1
3096 0
3097 0
3098 1
3099 1
3100 0
3101 0
3102 1
3103 0
3104 0
3105 0
3106 0
3107 0
3108 0
3109 0
3110 0
3111 0
3112 0
3113 0
3114 1
3115 0
3116 1
3117 0
3118 0
3119 0
3120 1
3121 0
3122 0
3123 0
3124 0
3125 0
3126 0
3127 0
3128 0
3129 0
3130 0
3131 0
3132 1
3133 0
3134 0
3135 1
3136 0
3137 1
3138 0
3139 1
3140 1
3141 0
3142 0
3143 0
3144 0
3145 0
3146 1
3147 0
3148 1
3149 0
3150 1
3151 0
3152 1
3153 0
3154 0
3155 1
3156 0
3157 1
3158 0
3159 0
3160 0
3161 1
3162 0
3163 0
3164 0
3165 1
3166 0
3167 0
3168 0
3169 1
3170 0
3171 0
3172 0
3173 0
3174 1
3175 0
3176 0
3177 0
3178 1
3179 1
3180 0
3181 0
3182 0
3183 0
3184 0
3185 0
3186 1
3187 0
3188 0
3189 0
3190 0
3191 0
3192 1
3193 0
3194 0
3195 0
3196 1
3197 0
3198 0
3199 1
3200 0
3201 0
3202 1
3203 0
3204 1
3205 0
3206 0
3207 1
3208 1
3209 0
3210 0
3211 0
3212 0
3213 0
3214 0
3215 0
3216 0
3217 1
3218 0
3219 1
3220 0
3221 0
3222 1
3223 0
3224 0
3225 0
3226 0
3227 1
3228 1
3229 0
3230 0
3231 1
3232 0
3233 0
3234 0
3235 1
3236 0
3237 1
3238 0
3239 0
3240 1
3241 0
3242 0
3243 1
3244 0
3245 1
3246 0
3247 0
3248 1
3249 0
3250 0
3251 1
3252 0
3253 0
3254 1
3255 0
3256 0
3257 0
3258 1
3259 0
3260 1
3261 0
3262 0
3263 0
3264 0
3265 1
3266 0
3267 0
3268 1
3269 1
3270 0
3271 0
3272 1
3273 0
3274 1
3275 0
3276 1
3277 0
3278 1
3279 0
3280 0
3281 0
3282 1
3283 0
3284 0
3285 0
3286 0
3287 0
3288 1
3289 1
3290 0
3291 1
3292 0
3293 0
3294 0
3295 0
3296 1
3297 0
3298 1
3299 0
3300 0
3301 1
3302 1
3303 0
3304 1
3305 1
3306 1
3307 0
3308 0
3309 1
3310 1
3311 1
3312 1
3313 1
3314 0
3315 0
3316 1
3317 0
3318 0
3319 0
3320 1
3321 1
3322 0
3323 0
3324 0
3325 0
3326 1
3327 0
3328 0
3329 0
3330 0
3331 1
3332 0
3333 1
3334 1
3335 1
3336 1
3337 1
3338 0
3339 0
3340 0
3341 1
3342 0
3343 0
3344 1
3345 0
3346 0
3347 1
3348 1
3349 0
3350 0
3351 0
3352 0
3353 1
3354 0
3355 0
3356 0
3357 0
3358 1
3359 0
3360 0
3361 0
3362 1
3363 0
3364 0
3365 0
3366 0
3367 0
3368 0
3369 0
3370 0
3371 1
3372 0
3373 1
3374 0
3375 0
3376 0
3377 1
3378 0
3379 1
3380 0
3381 0
3382 0
3383 1
3384 0
3385 0
3386 0
3387 1
3388 0
3389 0
3390 1
3391 0
3392 0
3393 0
3394 0
3395 0
3396 0
3397 0
3398 0
3399 1
3400 0
3401 0
3402 0
3403 0
3404 0
3405 0
3406 1
3407 0
3408 0
3409 0
3410 0
3411 0
3412 0
3413 0
3414 1
3415 0
3416 0
3417 0
3418 1
3419 0
3420 0
3421 0
3422 0
3423 1
3424 0
3425 0
3426 0
3427 1
3428 1
3429 0
3430 1
3431 0
3432 1
3433 0
3434 0
3435 1
3436 0
3437 0
3438 0
3439 0
3440 0
3441 0
3442 0
3443 0
3444 0
3445 1
3446 0
3447 1
3448 0
3449 1
3450 0
3451 0
3452 1
3453 0
3454 0
3455 0
3456 0
3457 0
3458 0
3459 0
3460 1
3461 1
3462 0
3463 0
3464 1
3465 0
3466 0
3467 0
3468 0
3469 1
3470 1
3471 0
3472 0
3473 0
3474 1
3475 0
3476 1
3477 1
3478 1
3479 0
3480 0
3481 0
3482 0
3483 0
3484 1
3485 0
3486 0
3487 0
3488 1
3489 0
3490 0
3491 0
3492 0
3493 1
3494 0
3495 1
3496 1
3497 0
3498 0
3499 1
3500 1
3501 0
3502 0
3503 0
3504 0
3505 0
3506 1
3507 0
3508 0
3509 0
3510 0
3511 0
3512 0
3513 1
3514 1
3515 0
3516 0
3517 0
3518 1
3519 1
3520 1
3521 0
3522 0
3523 0
3524 1
3525 0
3526 1
3527 0
3528 0
3529 0
3530 0
3531 0
3532 1
3533 1
3534 1
3535 1
3536 0
3537 0
3538 0
3539 0
3540 1
3541 1
3542 1
3543 0
3544 0
3545 0
3546 0
3547 0
3548 1
3549 0
3550 0
3551 1
3552 0
3553 0
3554 0
3555 0
3556 1
3557 1
3558 0
3559 1
3560 0
3561 1
3562 1
3563 0
3564 0
3565 0
3566 0
3567 0
3568 0
3569 0
3570 0
3571 0
3572 1
3573 0
3574 1
3575 0
3576 0
3577 0
3578 0
3579 1
3580 0
3581 1
3582 0
3583 0
3584 0
3585 0
3586 1
3587 0
3588 0
3589 0
3590 0
3591 0
3592 0
3593 1
3594 0
3595 0
3596 0
3597 0
3598 1
3599 0
3600 0
3601 1
3602 0
3603 1
3604 1
3605 0
3606 1
3607 1
3608 0
3609 0
3610 1
3611 1
3612 0
3613 1
3614 0
3615 0
3616 1
3617 1
3618 0
3619 1
3620 0
3621 0
3622 1
3623 0
3624 0
3625 0
3626 1
3627 1
3628 0
3629 1
3630 0
3631 1
3632 1
3633 1
3634 1
3635 0
3636 0
3637 0
3638 0
3639 0
3640 0
3641 0
3642 0
3643 0
3644 1
3645 0
3646 1
3647 0
3648 1
3649 1
3650 1
3651 1
3652 0
3653 0
3654 0
3655 1
3656 0
3657 0
3658 0
3659 1
3660 0
3661 0
3662 0
3663 1
3664 1
3665 0
3666 0
3667 1
3668 0
3669 1
3670 1
3671 1
3672 0
3673 0
3674 0
3675 0
3676 1
3677 0
3678 1
3679 0
3680 1
3681 0
3682 0
3683 1
3684 0
3685 1
3686 0
3687 0
3688 0
3689 0
3690 0
3691 1
3692 0
3693 0
3694 0
3695 0
3696 0
3697 0
3698 0
3699 0
3700 0
3701 0
3702 0
3703 0
3704 0
3705 0
3706 0
3707 0
3708 0
3709 0
3710 0
3711 0
3712 0
3713 1
3714 0
3715 0
3716 0
3717 0
3718 0
3719 1
3720 0
3721 1
3722 0
3723 1
3724 0
3725 0
3726 0
3727 1
3728 1
3729 1
3730 0
3731 1
3732 0
3733 1
3734 1
3735 0
3736 0
3737 0
3738 1
3739 0
3740 0
3741 0
3742 0
3743 0
3744 0
3745 0
3746 1
3747 0
3748 1
3749 1
3750 0
3751 0
3752 1
3753 0
3754 1
3755 0
3756 0
3757 0
3758 1
3759 0
3760 0
3761 0
3762 0
3763 1
3764 0
3765 0
3766 0
3767 0
3768 0
3769 0
3770 0
3771 0
3772 1
3773 1
3774 1
3775 0
3776 0
3777 0
3778 0
3779 1
3780 0
3781 0
3782 0
3783 0
3784 0
3785 0
3786 0
3787 0
3788 0
3789 0
3790 1
3791 0
3792 0
3793 0
3794 1
3795 1
3796 0
3797 0
3798 0
3799 1
3800 0
3801 1
3802 1
3803 0
3804 0
3805 0
3806 0
3807 0
3808 0
3809 0
3810 1
3811 0
3812 1
3813 0
3814 1
3815 1
3816 0
3817 0
3818 0
3819 0
3820 0
3821 0
3822 0
3823 1
3824 0
3825 0
3826 0
3827 1
3828 0
3829 1
3830 0
3831 0
3832 0
3833 1
3834 0
3835 1
3836 0
3837 0
3838 0
3839 0
3840 1
3841 0
3842 1
3843 0
3844 0
3845 0
3846 0
3847 0
3848 1
3849 0
3850 0
3851 0
3852 0
3853 0
3854 0
3855 1
3856 0
3857 0
3858 1
3859 0
3860 1
3861 0
3862 0
3863 0
3864 1
3865 0
3866 0
3867 0
3868 1
3869 1
3870 0
3871 0
3872 0
3873 0
3874 0
3875 0
3876 0
3877 0
3878 1
3879 0
3880 0
3881 1
3882 1
3883 0
3884 1
3885 0
3886 1
3887 0
3888 1
3889 0
3890 0
3891 0
3892 0
3893 1
3894 1
3895 1
3896 1
3897 0
3898 1
3899 0
3900 1
3901 0
3902 0
3903 1
3904 0
3905 0
3906 0
3907 1
3908 0
3909 0
3910 0
3911 0
3912 0
3913 0
3914 0
3915 1
3916 0
3917 0
3918 0
3919 1
3920 1
3921 0
3922 0
3923 0
3924 0
3925 0
3926 0
3927 0
3928 0
3929 1
3930 1
3931 0
3932 0
3933 0
3934 1
3935 0
3936 1
3937 1
3938 0
3939 0
3940 0
3941 0
3942 0
3943 1
3944 1
3945 0
3946 0
3947 0
3948 0
3949 0
3950 1
3951 1
3952 1
3953 0
3954 1
3955 0
3956 0
3957 0
3958 0
3959 1
3960 0
3961 0
3962 1
3963 1
3964 1
3965 1
3966 0
3967 0
3968 1
3969 0
3970 1
3971 1
3972 0
3973 1
3974 1
3975 0
3976 1
3977 0
3978 1
3979 1
3980 1
3981 1
3982 1
3983 0
3984 0
3985 0
3986 0
3987 0
3988 0
3989 1
3990 0
3991 0
3992 0
3993 1
3994 1
3995 0
3996 0
3997 0
3998 0
3999 0
4000 0
4001 0
4002 1
4003 0
4004 0
4005 0
4006 0
4007 0
4008 1
4009 0
4010 1
4011 1
4012 0
4013 1
4014 1
4015 1
4016 0
4017 1
4018 1
4019 1
4020 1
4021 1
4022 0
4023 0
4024 0
4025 1
4026 0
4027 0
4028 0
4029 1
4030 0
4031 1
4032 0
4033 1
4034 0
4035 0
4036 0
4037 0
4038 0
4039 0
4040 0
4041 0
4042 1
4043 0
4044 1
4045 0
4046 0
4047 0
4048 0
4049 0
4050 0
4051 0
4052 0
4053 0
4054 0
4055 0
4056 1
4057 0
4058 1
4059 0
4060 1
4061 0
4062 0
4063 0
4064 0
4065 0
4066 0
4067 1
4068 0
4069 0
4070 1
4071 1
4072 0
4073 0
4074 0
4075 0
4076 0
4077 1
4078 0
4079 0
4080 1
4081 1
4082 1
4083 1
4084 0
4085 1
4086 1
4087 1
4088 0
4089 0
4090 0
4091 1
4092 0
4093 0
4094 1
4095 0
4096 0
4097 0
4098 0
4099 0
4100 1
4101 1
4102 0
4103 0
4104 0
4105 0
4106 1
4107 0
4108 1
4109 0
4110 0
4111 0
4112 0
4113 1
4114 0
4115 0
4116 0
4117 0
4118 0
4119 0
4120 0
4121 0
4122 0
4123 1
4124 1
4125 0
4126 1
4127 0
4128 1
4129 0
4130 0
4131 0
4132 0
4133 0
4134 0
4135 0
4136 1
4137 0
4138 1
4139 1
4140 0
4141 1
4142 0
4143 0
4144 1
4145 0
4146 1
4147 1
4148 0
4149 0
4150 0
4151 0
4152 0
4153 0
4154 1
4155 1
4156 0
4157 1
